生成启动时间为 2017/4/21/周五 16:50:22。
     1>项目“E:\03Moco-TV\01项目过程\code\1.0\TESTCODE\001\GPothka.MainWin\GPothka.MainWin.vcxproj”在节点 2 上(Build 个目标)。
     1>C:\Program Files (x86)\MSBuild\Microsoft.Cpp\v4.0\V120\Microsoft.CppBuild.targets(357,5): warning MSB8004: Output Directory does not end with a trailing slash.  This build instance will add the slash as it is required to allow proper evaluation of the Output Directory.
     1>ClCompile:
         D:\Program Files (x86)\Microsoft Visual Studio 12.0\VC\bin\CL.exe /c /Zi /nologo /W3 /WX- /sdl /O2 /Oi /Oy- /GL /D WIN32 /D _WINDOWS /D NDEBUG /D _USING_V110_SDK71_ /D _MBCS /D _AFXDLL /Gm- /EHsc /MD /GS /Gy /fp:precise /Zc:wchar_t /Zc:forScope /Yc"stdafx.h" /Fp"Release\GPothka.MainWin_R.pch" /Fo"Release\\" /Fd"Release\vc120.pdb" /Gd /TP /analyze- /errorReport:prompt stdafx.cpp
         stdafx.cpp
     1>D:\Program Files (x86)\Microsoft Visual Studio 12.0\VC\atlmfc\include\afx.h(38): warning C4996: 'MBCS_Support_Deprecated_In_MFC': MBCS support in MFC is deprecated and may be removed in a future version of MFC.
                 D:\Program Files (x86)\Microsoft Visual Studio 12.0\VC\atlmfc\include\afx.h(33) : 参见“MBCS_Support_Deprecated_In_MFC”的声明
     1>e:\03moco-tv\01项目过程\code\1.0\testcode\001\gpothka.mainwin\basedatatype.h(28): warning C4091: “typedef ”: 没有声明变量时忽略“robotRunCommand”的左侧
     1>e:\03moco-tv\01项目过程\code\1.0\testcode\001\gpothka.mainwin\basedatatype.h(58): warning C4091: “typedef ”: 没有声明变量时忽略“robotlocation”的左侧
     1>e:\03moco-tv\01项目过程\code\1.0\testcode\001\gpothka.mainwin\basedatatype.h(64): warning C4091: “typedef ”: 没有声明变量时忽略“limits”的左侧
     1>e:\03moco-tv\01项目过程\code\1.0\testcode\001\gpothka.mainwin\basedatatype.h(102): warning C4091: “typedef ”: 没有声明变量时忽略“KeyFrame”的左侧
     1>e:\03moco-tv\01项目过程\code\1.0\testcode\001\gpothka.mainwin\basedatatype.h(122): warning C4091: “typedef ”: 没有声明变量时忽略“RunState”的左侧
         D:\Program Files (x86)\Microsoft DirectX SDK (June 2010)\Include\dinput.h: DIRECTINPUT_VERSION undefined. Defaulting to version 0x0800
     1>e:\03moco-tv\01项目过程\code\1.0\testcode\001\gpothka.mainwin\RockerControlModule.h(6): warning C4005: “DIRECTINPUT_VERSION”: 宏重定义
                 D:\Program Files (x86)\Microsoft DirectX SDK (June 2010)\Include\dinput.h(42) : 参见“DIRECTINPUT_VERSION”的前一个定义
         D:\Program Files (x86)\Microsoft Visual Studio 12.0\VC\bin\CL.exe /c /Zi /nologo /W3 /WX- /sdl /O2 /Oi /Oy- /GL /D WIN32 /D _WINDOWS /D NDEBUG /D _USING_V110_SDK71_ /D _MBCS /D _AFXDLL /Gm- /EHsc /MD /GS /Gy /fp:precise /Zc:wchar_t /Zc:forScope /Yu"stdafx.h" /Fp"Release\GPothka.MainWin_R.pch" /Fo"Release\\" /Fd"Release\vc120.pdb" /Gd /TP /analyze- /errorReport:prompt AppWorkPlant.cpp CameraControlDlg.cpp DeckLinkDevice.cpp Global.cpp GPothka.MainWin.cpp GPothka.MainWinDlg.cpp GP_Lens_Canon.cpp GP_Lens_Fujinon.cpp importData.cpp LoggerModule.cpp MocoLog.cpp NameSetDlg.cpp RockerControlModule.cpp CFuSerialPort.cpp SpeedSetDlg.cpp TimeSetDlg.cpp TrackRepeatModule.cpp
         AppWorkPlant.cpp
     1>AppWorkPlant.cpp(312): warning C4244: “=”: 从“double”转换到“float”，可能丢失数据
     1>AppWorkPlant.cpp(326): warning C4244: “=”: 从“double”转换到“float”，可能丢失数据
     1>AppWorkPlant.cpp(341): warning C4244: “=”: 从“double”转换到“float”，可能丢失数据
     1>AppWorkPlant.cpp(355): warning C4244: “=”: 从“double”转换到“float”，可能丢失数据
     1>AppWorkPlant.cpp(370): warning C4244: “=”: 从“double”转换到“float”，可能丢失数据
     1>AppWorkPlant.cpp(384): warning C4244: “=”: 从“double”转换到“float”，可能丢失数据
     1>AppWorkPlant.cpp(399): warning C4244: “=”: 从“double”转换到“float”，可能丢失数据
     1>AppWorkPlant.cpp(413): warning C4244: “=”: 从“double”转换到“float”，可能丢失数据
     1>AppWorkPlant.cpp(428): warning C4244: “=”: 从“double”转换到“float”，可能丢失数据
     1>AppWorkPlant.cpp(442): warning C4244: “=”: 从“double”转换到“float”，可能丢失数据
     1>AppWorkPlant.cpp(457): warning C4244: “=”: 从“double”转换到“float”，可能丢失数据
     1>AppWorkPlant.cpp(471): warning C4244: “=”: 从“double”转换到“float”，可能丢失数据
     1>AppWorkPlant.cpp(486): warning C4244: “=”: 从“double”转换到“float”，可能丢失数据
     1>AppWorkPlant.cpp(500): warning C4244: “=”: 从“double”转换到“float”，可能丢失数据
     1>AppWorkPlant.cpp(538): warning C4244: “=”: 从“double”转换到“float”，可能丢失数据
     1>AppWorkPlant.cpp(552): warning C4244: “=”: 从“double”转换到“float”，可能丢失数据
     1>AppWorkPlant.cpp(567): warning C4244: “=”: 从“double”转换到“float”，可能丢失数据
     1>AppWorkPlant.cpp(581): warning C4244: “=”: 从“double”转换到“float”，可能丢失数据
     1>AppWorkPlant.cpp(596): warning C4244: “=”: 从“double”转换到“float”，可能丢失数据
     1>AppWorkPlant.cpp(610): warning C4244: “=”: 从“double”转换到“float”，可能丢失数据
     1>AppWorkPlant.cpp(625): warning C4244: “=”: 从“double”转换到“float”，可能丢失数据
     1>AppWorkPlant.cpp(639): warning C4244: “=”: 从“double”转换到“float”，可能丢失数据
     1>AppWorkPlant.cpp(654): warning C4244: “=”: 从“double”转换到“float”，可能丢失数据
     1>AppWorkPlant.cpp(668): warning C4244: “=”: 从“double”转换到“float”，可能丢失数据
     1>AppWorkPlant.cpp(683): warning C4244: “=”: 从“double”转换到“float”，可能丢失数据
     1>AppWorkPlant.cpp(697): warning C4244: “=”: 从“double”转换到“float”，可能丢失数据
     1>AppWorkPlant.cpp(712): warning C4244: “=”: 从“double”转换到“float”，可能丢失数据
     1>AppWorkPlant.cpp(726): warning C4244: “=”: 从“double”转换到“float”，可能丢失数据
     1>AppWorkPlant.cpp(268): warning C4101: “stLocal”: 未引用的局部变量
     1>AppWorkPlant.cpp(268): warning C4101: “stLocal1”: 未引用的局部变量
         CameraControlDlg.cpp
     1>CameraControlDlg.cpp(144): warning C4244: “=”: 从“double”转换到“float”，可能丢失数据
     1>CameraControlDlg.cpp(154): warning C4244: “=”: 从“double”转换到“float”，可能丢失数据
     1>CameraControlDlg.cpp(165): warning C4244: “=”: 从“double”转换到“float”，可能丢失数据
     1>CameraControlDlg.cpp(176): warning C4244: “=”: 从“double”转换到“float”，可能丢失数据
     1>CameraControlDlg.cpp(187): warning C4244: “=”: 从“double”转换到“float”，可能丢失数据
     1>CameraControlDlg.cpp(197): warning C4244: “=”: 从“double”转换到“float”，可能丢失数据
     1>CameraControlDlg.cpp(207): warning C4244: “=”: 从“double”转换到“float”，可能丢失数据
     1>CameraControlDlg.cpp(209): warning C4244: “=”: 从“double”转换到“float”，可能丢失数据
     1>CameraControlDlg.cpp(211): warning C4244: “=”: 从“double”转换到“float”，可能丢失数据
     1>CameraControlDlg.cpp(213): warning C4244: “=”: 从“double”转换到“float”，可能丢失数据
     1>CameraControlDlg.cpp(220): warning C4244: “=”: 从“double”转换到“float”，可能丢失数据
     1>CameraControlDlg.cpp(222): warning C4244: “=”: 从“double”转换到“float”，可能丢失数据
     1>CameraControlDlg.cpp(223): warning C4244: “=”: 从“double”转换到“float”，可能丢失数据
     1>CameraControlDlg.cpp(224): warning C4244: “=”: 从“double”转换到“float”，可能丢失数据
     1>CameraControlDlg.cpp(231): warning C4244: “=”: 从“double”转换到“float”，可能丢失数据
     1>CameraControlDlg.cpp(233): warning C4244: “=”: 从“double”转换到“float”，可能丢失数据
     1>CameraControlDlg.cpp(234): warning C4244: “=”: 从“double”转换到“float”，可能丢失数据
     1>CameraControlDlg.cpp(235): warning C4244: “=”: 从“double”转换到“float”，可能丢失数据
     1>CameraControlDlg.cpp(243): warning C4244: “=”: 从“double”转换到“float”，可能丢失数据
     1>CameraControlDlg.cpp(245): warning C4244: “=”: 从“double”转换到“float”，可能丢失数据
     1>CameraControlDlg.cpp(246): warning C4244: “=”: 从“double”转换到“float”，可能丢失数据
     1>CameraControlDlg.cpp(247): warning C4244: “=”: 从“double”转换到“float”，可能丢失数据
     1>CameraControlDlg.cpp(254): warning C4244: “=”: 从“double”转换到“float”，可能丢失数据
     1>CameraControlDlg.cpp(256): warning C4244: “=”: 从“double”转换到“float”，可能丢失数据
     1>CameraControlDlg.cpp(257): warning C4244: “=”: 从“double”转换到“float”，可能丢失数据
     1>CameraControlDlg.cpp(258): warning C4244: “=”: 从“double”转换到“float”，可能丢失数据
     1>CameraControlDlg.cpp(265): warning C4244: “=”: 从“double”转换到“float”，可能丢失数据
     1>CameraControlDlg.cpp(267): warning C4244: “=”: 从“double”转换到“float”，可能丢失数据
     1>CameraControlDlg.cpp(268): warning C4244: “=”: 从“double”转换到“float”，可能丢失数据
     1>CameraControlDlg.cpp(269): warning C4244: “=”: 从“double”转换到“float”，可能丢失数据
     1>CameraControlDlg.cpp(276): warning C4305: “=”: 从“double”到“float”截断
     1>CameraControlDlg.cpp(282): warning C4305: “=”: 从“double”到“float”截断
     1>CameraControlDlg.cpp(288): warning C4305: “=”: 从“double”到“float”截断
     1>CameraControlDlg.cpp(294): warning C4305: “=”: 从“double”到“float”截断
     1>CameraControlDlg.cpp(300): warning C4305: “=”: 从“double”到“float”截断
     1>CameraControlDlg.cpp(306): warning C4305: “=”: 从“double”到“float”截断
     1>CameraControlDlg.cpp(312): warning C4305: “=”: 从“double”到“float”截断
     1>CameraControlDlg.cpp(318): warning C4305: “=”: 从“double”到“float”截断
     1>CameraControlDlg.cpp(324): warning C4305: “=”: 从“double”到“float”截断
     1>CameraControlDlg.cpp(330): warning C4305: “=”: 从“double”到“float”截断
     1>CameraControlDlg.cpp(336): warning C4305: “=”: 从“double”到“float”截断
     1>CameraControlDlg.cpp(342): warning C4305: “=”: 从“double”到“float”截断
     1>CameraControlDlg.cpp(354): warning C4244: “=”: 从“double”转换到“float”，可能丢失数据
     1>CameraControlDlg.cpp(366): warning C4244: “=”: 从“double”转换到“float”，可能丢失数据
     1>CameraControlDlg.cpp(394): warning C4244: “=”: 从“double”转换到“float”，可能丢失数据
     1>CameraControlDlg.cpp(407): warning C4244: “=”: 从“double”转换到“float”，可能丢失数据
         DeckLinkDevice.cpp
     1>DeckLinkDevice.cpp(292): warning C4805: “==”: 在操作中将类型“BOOL”与类型“bool”混合不安全
     1>DeckLinkDevice.cpp(418): warning C4101: “PixelFormat”: 未引用的局部变量
         Global.cpp
     1>Global.cpp(4): warning C4305: “初始化”: 从“double”到“float”截断
     1>Global.cpp(6): warning C4305: “初始化”: 从“double”到“float”截断
     1>Global.cpp(8): warning C4305: “初始化”: 从“double”到“float”截断
     1>Global.cpp(10): warning C4305: “初始化”: 从“double”到“float”截断
     1>Global.cpp(12): warning C4305: “初始化”: 从“double”到“float”截断
     1>Global.cpp(14): warning C4305: “初始化”: 从“double”到“float”截断
     1>Global.cpp(16): warning C4305: “初始化”: 从“double”到“float”截断
     1>Global.cpp(18): warning C4305: “初始化”: 从“double”到“float”截断
     1>Global.cpp(20): warning C4305: “初始化”: 从“double”到“float”截断
     1>Global.cpp(218): warning C4010: 单行注释包含行继续符
     1>Global.cpp(219): warning C4010: 单行注释包含行继续符
     1>Global.cpp(220): warning C4010: 单行注释包含行继续符
     1>Global.cpp(221): warning C4010: 单行注释包含行继续符
     1>Global.cpp(222): warning C4010: 单行注释包含行继续符
     1>Global.cpp(223): warning C4010: 单行注释包含行继续符
     1>Global.cpp(224): warning C4010: 单行注释包含行继续符
     1>Global.cpp(225): warning C4010: 单行注释包含行继续符
     1>Global.cpp(226): warning C4010: 单行注释包含行继续符
     1>Global.cpp(227): warning C4010: 单行注释包含行继续符
         GPothka.MainWin.cpp
         GPothka.MainWinDlg.cpp
     1>GPothka.MainWinDlg.cpp(347): warning C4101: “FocusValue”: 未引用的局部变量
     1>GPothka.MainWinDlg.cpp(412): warning C4101: “CountBegin”: 未引用的局部变量
     1>GPothka.MainWinDlg.cpp(403): warning C4101: “FocusValue”: 未引用的局部变量
     1>GPothka.MainWinDlg.cpp(412): warning C4101: “CountEnd”: 未引用的局部变量
     1>GPothka.MainWinDlg.cpp(411): warning C4101: “lageinter”: 未引用的局部变量
     1>GPothka.MainWinDlg.cpp(413): warning C4101: “diTime”: 未引用的局部变量
     1>GPothka.MainWinDlg.cpp(413): warning C4101: “diFreq”: 未引用的局部变量
     1>GPothka.MainWinDlg.cpp(783): warning C4244: “参数”: 从“float”转换到“int”，可能丢失数据
     1>GPothka.MainWinDlg.cpp(789): warning C4805: “==”: 在操作中将类型“BOOL”与类型“bool”混合不安全
     1>GPothka.MainWinDlg.cpp(842): warning C4244: “参数”: 从“float”转换到“int”，可能丢失数据
     1>GPothka.MainWinDlg.cpp(849): warning C4805: “==”: 在操作中将类型“BOOL”与类型“bool”混合不安全
     1>GPothka.MainWinDlg.cpp(1033): warning C4244: “参数”: 从“double”转换到“float”，可能丢失数据
     1>GPothka.MainWinDlg.cpp(1033): warning C4244: “参数”: 从“float”转换到“int”，可能丢失数据
     1>GPothka.MainWinDlg.cpp(1045): warning C4805: “==”: 在操作中将类型“BOOL”与类型“bool”混合不安全
     1>GPothka.MainWinDlg.cpp(1298): warning C4244: “=”: 从“int”转换到“float”，可能丢失数据
     1>GPothka.MainWinDlg.cpp(1299): warning C4244: “=”: 从“double”转换到“float”，可能丢失数据
     1>GPothka.MainWinDlg.cpp(1302): warning C4244: “=”: 从“double”转换到“float”，可能丢失数据
     1>GPothka.MainWinDlg.cpp(1311): warning C4244: “=”: 从“LONGLONG”转换到“double”，可能丢失数据
     1>GPothka.MainWinDlg.cpp(1316): warning C4244: “参数”: 从“float”转换到“WORD”，可能丢失数据
     1>GPothka.MainWinDlg.cpp(1317): warning C4244: “参数”: 从“float”转换到“WORD”，可能丢失数据
     1>GPothka.MainWinDlg.cpp(1319): warning C4244: “=”: 从“float”转换到“WORD”，可能丢失数据
     1>GPothka.MainWinDlg.cpp(1320): warning C4244: “=”: 从“float”转换到“WORD”，可能丢失数据
     1>GPothka.MainWinDlg.cpp(1330): warning C4244: “=”: 从“float”转换到“WORD”，可能丢失数据
     1>GPothka.MainWinDlg.cpp(1331): warning C4244: “=”: 从“float”转换到“WORD”，可能丢失数据
     1>GPothka.MainWinDlg.cpp(1378): warning C4244: “=”: 从“int”转换到“float”，可能丢失数据
     1>GPothka.MainWinDlg.cpp(1379): warning C4244: “=”: 从“double”转换到“float”，可能丢失数据
     1>GPothka.MainWinDlg.cpp(1382): warning C4244: “=”: 从“double”转换到“float”，可能丢失数据
     1>GPothka.MainWinDlg.cpp(1391): warning C4244: “=”: 从“LONGLONG”转换到“double”，可能丢失数据
     1>GPothka.MainWinDlg.cpp(1398): warning C4244: “=”: 从“float”转换到“WORD”，可能丢失数据
     1>GPothka.MainWinDlg.cpp(1399): warning C4244: “=”: 从“float”转换到“WORD”，可能丢失数据
     1>GPothka.MainWinDlg.cpp(1409): warning C4244: “=”: 从“float”转换到“WORD”，可能丢失数据
     1>GPothka.MainWinDlg.cpp(1410): warning C4244: “=”: 从“float”转换到“WORD”，可能丢失数据
     1>GPothka.MainWinDlg.cpp(1480): warning C4101: “zom”: 未引用的局部变量
     1>GPothka.MainWinDlg.cpp(1587): warning C4244: “=”: 从“int”转换到“float”，可能丢失数据
     1>GPothka.MainWinDlg.cpp(1588): warning C4244: “=”: 从“double”转换到“float”，可能丢失数据
     1>GPothka.MainWinDlg.cpp(1592): warning C4244: “=”: 从“double”转换到“float”，可能丢失数据
     1>GPothka.MainWinDlg.cpp(1601): warning C4244: “=”: 从“LONGLONG”转换到“double”，可能丢失数据
     1>GPothka.MainWinDlg.cpp(1607): warning C4244: “=”: 从“float”转换到“WORD”，可能丢失数据
     1>GPothka.MainWinDlg.cpp(1608): warning C4244: “=”: 从“float”转换到“WORD”，可能丢失数据
     1>GPothka.MainWinDlg.cpp(1610): warning C4244: “参数”: 从“float”转换到“WORD”，可能丢失数据
     1>GPothka.MainWinDlg.cpp(1611): warning C4244: “参数”: 从“float”转换到“WORD”，可能丢失数据
     1>GPothka.MainWinDlg.cpp(1675): warning C4244: “=”: 从“int”转换到“float”，可能丢失数据
     1>GPothka.MainWinDlg.cpp(1676): warning C4244: “=”: 从“double”转换到“float”，可能丢失数据
     1>GPothka.MainWinDlg.cpp(1679): warning C4244: “=”: 从“double”转换到“float”，可能丢失数据
     1>GPothka.MainWinDlg.cpp(1688): warning C4244: “=”: 从“LONGLONG”转换到“double”，可能丢失数据
     1>GPothka.MainWinDlg.cpp(1694): warning C4244: “=”: 从“float”转换到“WORD”，可能丢失数据
     1>GPothka.MainWinDlg.cpp(1695): warning C4244: “=”: 从“float”转换到“WORD”，可能丢失数据
     1>GPothka.MainWinDlg.cpp(2284): warning C4101: “zom”: 未引用的局部变量
     1>GPothka.MainWinDlg.cpp(2296): warning C4101: “length2”: 未引用的局部变量
     1>GPothka.MainWinDlg.cpp(2284): warning C4101: “foc”: 未引用的局部变量
     1>GPothka.MainWinDlg.cpp(2521): warning C4800: “int”: 将值强制为布尔值“true”或“false”(性能警告)
         GP_Lens_Canon.cpp
     1>GP_Lens_Canon.cpp(185): warning C4244: “=”: 从“WORD”转换到“byte”，可能丢失数据
     1>GP_Lens_Canon.cpp(204): warning C4244: “=”: 从“WORD”转换到“byte”，可能丢失数据
     1>GP_Lens_Canon.cpp(224): warning C4244: “=”: 从“WORD”转换到“byte”，可能丢失数据
     1>GP_Lens_Canon.cpp(274): warning C4244: “=”: 从“WORD”转换到“byte”，可能丢失数据
     1>GP_Lens_Canon.cpp(299): warning C4244: “=”: 从“WORD”转换到“byte”，可能丢失数据
     1>GP_Lens_Canon.cpp(516): warning C4244: “=”: 从“LONGLONG”转换到“double”，可能丢失数据
     1>GP_Lens_Canon.cpp(518): warning C4244: “=”: 从“double”转换到“LONGLONG”，可能丢失数据
     1>GP_Lens_Canon.cpp(522): warning C4244: “=”: 从“double”转换到“LONGLONG”，可能丢失数据
         GP_Lens_Fujinon.cpp
         importData.cpp
         LoggerModule.cpp
     1>LoggerModule.cpp(3): warning C4627: “#include <imagehlp.h>”:  在查找预编译头使用时跳过
                 将指令添加到“stdafx.h”或重新生成预编译头
         MocoLog.cpp
         NameSetDlg.cpp
         RockerControlModule.cpp
     1>RockerControlModule.cpp(376): warning C4244: “=”: 从“double”转换到“float”，可能丢失数据
     1>RockerControlModule.cpp(384): warning C4244: “=”: 从“double”转换到“float”，可能丢失数据
     1>RockerControlModule.cpp(392): warning C4244: “=”: 从“double”转换到“float”，可能丢失数据
     1>RockerControlModule.cpp(400): warning C4244: “=”: 从“double”转换到“float”，可能丢失数据
     1>RockerControlModule.cpp(408): warning C4244: “=”: 从“double”转换到“float”，可能丢失数据
     1>RockerControlModule.cpp(416): warning C4244: “=”: 从“double”转换到“float”，可能丢失数据
     1>RockerControlModule.cpp(428): warning C4244: “=”: 从“double”转换到“float”，可能丢失数据
     1>RockerControlModule.cpp(430): warning C4244: “=”: 从“double”转换到“float”，可能丢失数据
     1>RockerControlModule.cpp(431): warning C4244: “=”: 从“double”转换到“float”，可能丢失数据
     1>RockerControlModule.cpp(432): warning C4244: “=”: 从“double”转换到“float”，可能丢失数据
     1>RockerControlModule.cpp(438): warning C4244: “=”: 从“double”转换到“float”，可能丢失数据
     1>RockerControlModule.cpp(448): warning C4244: “=”: 从“double”转换到“float”，可能丢失数据
     1>RockerControlModule.cpp(449): warning C4244: “=”: 从“double”转换到“float”，可能丢失数据
     1>RockerControlModule.cpp(450): warning C4244: “=”: 从“double”转换到“float”，可能丢失数据
     1>RockerControlModule.cpp(456): warning C4244: “=”: 从“double”转换到“float”，可能丢失数据
     1>RockerControlModule.cpp(466): warning C4244: “=”: 从“double”转换到“float”，可能丢失数据
     1>RockerControlModule.cpp(467): warning C4244: “=”: 从“double”转换到“float”，可能丢失数据
     1>RockerControlModule.cpp(468): warning C4244: “=”: 从“double”转换到“float”，可能丢失数据
     1>RockerControlModule.cpp(481): warning C4244: “=”: 从“double”转换到“float”，可能丢失数据
     1>RockerControlModule.cpp(493): warning C4244: “=”: 从“double”转换到“float”，可能丢失数据
     1>RockerControlModule.cpp(558): warning C4244: “=”: 从“double”转换到“float”，可能丢失数据
     1>RockerControlModule.cpp(567): warning C4244: “=”: 从“double”转换到“float”，可能丢失数据
     1>RockerControlModule.cpp(634): warning C4305: “+=”: 从“double”到“float”截断
     1>RockerControlModule.cpp(637): warning C4305: “=”: 从“double”到“float”截断
     1>RockerControlModule.cpp(647): warning C4305: “-=”: 从“double”到“float”截断
     1>RockerControlModule.cpp(650): warning C4305: “=”: 从“double”到“float”截断
     1>RockerControlModule.cpp(660): warning C4305: “+=”: 从“double”到“float”截断
     1>RockerControlModule.cpp(663): warning C4305: “=”: 从“double”到“float”截断
     1>RockerControlModule.cpp(672): warning C4305: “-=”: 从“double”到“float”截断
     1>RockerControlModule.cpp(675): warning C4305: “=”: 从“double”到“float”截断
     1>RockerControlModule.cpp(366): warning C4101: “step”: 未引用的局部变量
     1>RockerControlModule.cpp(760): warning C4244: “=”: 从“LONG”转换到“float”，可能丢失数据
     1>RockerControlModule.cpp(768): warning C4244: “=”: 从“LONG”转换到“float”，可能丢失数据
     1>RockerControlModule.cpp(776): warning C4244: “=”: 从“LONG”转换到“float”，可能丢失数据
     1>RockerControlModule.cpp(784): warning C4244: “=”: 从“LONG”转换到“float”，可能丢失数据
     1>RockerControlModule.cpp(792): warning C4244: “=”: 从“LONG”转换到“float”，可能丢失数据
     1>RockerControlModule.cpp(800): warning C4244: “=”: 从“LONG”转换到“float”，可能丢失数据
     1>RockerControlModule.cpp(808): warning C4244: “=”: 从“LONG”转换到“float”，可能丢失数据
     1>RockerControlModule.cpp(834): warning C4244: “=”: 从“double”转换到“float”，可能丢失数据
     1>RockerControlModule.cpp(856): warning C4244: “=”: 从“double”转换到“float”，可能丢失数据
     1>RockerControlModule.cpp(877): warning C4244: “=”: 从“double”转换到“float”，可能丢失数据
     1>RockerControlModule.cpp(897): warning C4244: “=”: 从“double”转换到“float”，可能丢失数据
     1>RockerControlModule.cpp(918): warning C4244: “=”: 从“double”转换到“float”，可能丢失数据
     1>RockerControlModule.cpp(939): warning C4244: “=”: 从“double”转换到“float”，可能丢失数据
     1>RockerControlModule.cpp(960): warning C4244: “=”: 从“double”转换到“float”，可能丢失数据
     1>RockerControlModule.cpp(1012): warning C4244: “参数”: 从“double”转换到“FLOAT”，可能丢失数据
     1>RockerControlModule.cpp(1015): warning C4244: “参数”: 从“double”转换到“FLOAT”，可能丢失数据
     1>RockerControlModule.cpp(1018): warning C4244: “参数”: 从“double”转换到“FLOAT”，可能丢失数据
     1>RockerControlModule.cpp(1024): warning C4244: “参数”: 从“double”转换到“FLOAT”，可能丢失数据
     1>RockerControlModule.cpp(1029): warning C4244: “参数”: 从“double”转换到“FLOAT”，可能丢失数据
     1>RockerControlModule.cpp(1034): warning C4244: “参数”: 从“double”转换到“FLOAT”，可能丢失数据
     1>RockerControlModule.cpp(1085): warning C4244: “参数”: 从“double”转换到“FLOAT”，可能丢失数据
     1>RockerControlModule.cpp(1088): warning C4244: “参数”: 从“double”转换到“FLOAT”，可能丢失数据
     1>RockerControlModule.cpp(1091): warning C4244: “参数”: 从“double”转换到“FLOAT”，可能丢失数据
     1>RockerControlModule.cpp(1125): warning C4244: “=”: 从“double”转换到“float”，可能丢失数据
     1>RockerControlModule.cpp(1126): warning C4244: “=”: 从“double”转换到“float”，可能丢失数据
     1>RockerControlModule.cpp(1127): warning C4244: “=”: 从“double”转换到“float”，可能丢失数据
     1>RockerControlModule.cpp(1170): warning C4244: “参数”: 从“double”转换到“FLOAT”，可能丢失数据
     1>RockerControlModule.cpp(1173): warning C4244: “参数”: 从“double”转换到“FLOAT”，可能丢失数据
     1>RockerControlModule.cpp(1176): warning C4244: “参数”: 从“double”转换到“FLOAT”，可能丢失数据
     1>RockerControlModule.cpp(1182): warning C4244: “参数”: 从“double”转换到“FLOAT”，可能丢失数据
     1>RockerControlModule.cpp(1185): warning C4244: “参数”: 从“double”转换到“FLOAT”，可能丢失数据
     1>RockerControlModule.cpp(1188): warning C4244: “参数”: 从“double”转换到“FLOAT”，可能丢失数据
     1>RockerControlModule.cpp(1159): warning C4101: “AngleTemp”: 未引用的局部变量
         CFuSerialPort.cpp
     1>CFuSerialPort.cpp(544): warning C4800: “DWORD”: 将值强制为布尔值“true”或“false”(性能警告)
     1>CFuSerialPort.cpp(578): warning C4800: “DWORD”: 将值强制为布尔值“true”或“false”(性能警告)
         SpeedSetDlg.cpp
     1>SpeedSetDlg.cpp(62): warning C4244: “=”: 从“double”转换到“float”，可能丢失数据
     1>SpeedSetDlg.cpp(67): warning C4305: “=”: 从“double”到“float”截断
     1>SpeedSetDlg.cpp(69): warning C4305: “=”: 从“double”到“float”截断
     1>SpeedSetDlg.cpp(75): warning C4244: “=”: 从“double”转换到“float”，可能丢失数据
     1>SpeedSetDlg.cpp(80): warning C4305: “=”: 从“double”到“float”截断
     1>SpeedSetDlg.cpp(82): warning C4305: “=”: 从“double”到“float”截断
     1>SpeedSetDlg.cpp(88): warning C4244: “=”: 从“double”转换到“float”，可能丢失数据
     1>SpeedSetDlg.cpp(93): warning C4305: “=”: 从“double”到“float”截断
     1>SpeedSetDlg.cpp(95): warning C4305: “=”: 从“double”到“float”截断
         TimeSetDlg.cpp
     1>TimeSetDlg.cpp(46): warning C4244: “=”: 从“double”转换到“float”，可能丢失数据
     1>TimeSetDlg.cpp(50): warning C4244: “=”: 从“double”转换到“float”，可能丢失数据
         TrackRepeatModule.cpp
     1>TrackRepeatModule.cpp(270): warning C4244: “=”: 从“float”转换到“unsigned int”，可能丢失数据
     1>TrackRepeatModule.cpp(426): warning C4244: “=”: 从“double”转换到“float”，可能丢失数据
     1>TrackRepeatModule.cpp(428): warning C4244: “=”: 从“double”转换到“float”，可能丢失数据
     1>TrackRepeatModule.cpp(489): warning C4018: “<”: 有符号/无符号不匹配
     1>TrackRepeatModule.cpp(494): warning C4244: “=”: 从“double”转换到“float”，可能丢失数据
     1>TrackRepeatModule.cpp(495): warning C4244: “=”: 从“double”转换到“float”，可能丢失数据
     1>TrackRepeatModule.cpp(647): warning C4244: “=”: 从“double”转换到“float”，可能丢失数据
     1>TrackRepeatModule.cpp(648): warning C4244: “=”: 从“double”转换到“float”，可能丢失数据
     1>TrackRepeatModule.cpp(649): warning C4244: “=”: 从“double”转换到“float”，可能丢失数据
     1>TrackRepeatModule.cpp(650): warning C4244: “=”: 从“double”转换到“float”，可能丢失数据
     1>TrackRepeatModule.cpp(651): warning C4244: “=”: 从“double”转换到“float”，可能丢失数据
     1>TrackRepeatModule.cpp(652): warning C4244: “=”: 从“double”转换到“float”，可能丢失数据
     1>TrackRepeatModule.cpp(660): warning C4244: “=”: 从“double”转换到“float”，可能丢失数据
     1>TrackRepeatModule.cpp(666): warning C4244: “=”: 从“double”转换到“float”，可能丢失数据
     1>TrackRepeatModule.cpp(667): warning C4244: “=”: 从“double”转换到“float”，可能丢失数据
     1>TrackRepeatModule.cpp(671): warning C4244: “=”: 从“double”转换到“float”，可能丢失数据
     1>TrackRepeatModule.cpp(678): warning C4244: “=”: 从“double”转换到“float”，可能丢失数据
     1>TrackRepeatModule.cpp(679): warning C4244: “=”: 从“double”转换到“float”，可能丢失数据
     1>TrackRepeatModule.cpp(680): warning C4244: “=”: 从“double”转换到“float”，可能丢失数据
     1>TrackRepeatModule.cpp(681): warning C4244: “=”: 从“double”转换到“float”，可能丢失数据
     1>TrackRepeatModule.cpp(682): warning C4244: “=”: 从“double”转换到“float”，可能丢失数据
     1>TrackRepeatModule.cpp(683): warning C4244: “=”: 从“double”转换到“float”，可能丢失数据
     1>TrackRepeatModule.cpp(774): warning C4244: “=”: 从“double”转换到“float”，可能丢失数据
     1>TrackRepeatModule.cpp(867): warning C4244: “=”: 从“double”转换到“float”，可能丢失数据
     1>TrackRepeatModule.cpp(868): warning C4244: “=”: 从“double”转换到“float”，可能丢失数据
     1>TrackRepeatModule.cpp(869): warning C4244: “=”: 从“double”转换到“float”，可能丢失数据
     1>TrackRepeatModule.cpp(870): warning C4244: “=”: 从“double”转换到“float”，可能丢失数据
     1>TrackRepeatModule.cpp(871): warning C4244: “=”: 从“double”转换到“float”，可能丢失数据
     1>TrackRepeatModule.cpp(872): warning C4244: “=”: 从“double”转换到“float”，可能丢失数据
     1>TrackRepeatModule.cpp(873): warning C4244: “=”: 从“double”转换到“float”，可能丢失数据
     1>TrackRepeatModule.cpp(879): warning C4244: “=”: 从“double”转换到“float”，可能丢失数据
     1>TrackRepeatModule.cpp(881): warning C4244: “=”: 从“double”转换到“float”，可能丢失数据
     1>TrackRepeatModule.cpp(882): warning C4244: “=”: 从“double”转换到“float”，可能丢失数据
     1>TrackRepeatModule.cpp(883): warning C4244: “=”: 从“double”转换到“float”，可能丢失数据
     1>TrackRepeatModule.cpp(884): warning C4244: “=”: 从“double”转换到“float”，可能丢失数据
     1>TrackRepeatModule.cpp(885): warning C4244: “=”: 从“double”转换到“float”，可能丢失数据
     1>TrackRepeatModule.cpp(886): warning C4244: “=”: 从“double”转换到“float”，可能丢失数据
     1>TrackRepeatModule.cpp(887): warning C4244: “=”: 从“double”转换到“float”，可能丢失数据
     1>TrackRepeatModule.cpp(891): warning C4244: “=”: 从“double”转换到“float”，可能丢失数据
     1>TrackRepeatModule.cpp(892): warning C4244: “=”: 从“double”转换到“float”，可能丢失数据
     1>TrackRepeatModule.cpp(893): warning C4244: “=”: 从“double”转换到“float”，可能丢失数据
     1>TrackRepeatModule.cpp(894): warning C4244: “=”: 从“double”转换到“float”，可能丢失数据
     1>TrackRepeatModule.cpp(895): warning C4244: “=”: 从“double”转换到“float”，可能丢失数据
     1>TrackRepeatModule.cpp(896): warning C4244: “=”: 从“double”转换到“float”，可能丢失数据
     1>TrackRepeatModule.cpp(897): warning C4244: “=”: 从“double”转换到“float”，可能丢失数据
     1>TrackRepeatModule.cpp(905): warning C4244: “=”: 从“double”转换到“float”，可能丢失数据
     1>TrackRepeatModule.cpp(906): warning C4244: “=”: 从“double”转换到“float”，可能丢失数据
     1>TrackRepeatModule.cpp(907): warning C4244: “=”: 从“double”转换到“float”，可能丢失数据
     1>TrackRepeatModule.cpp(908): warning C4244: “=”: 从“double”转换到“float”，可能丢失数据
     1>TrackRepeatModule.cpp(909): warning C4244: “=”: 从“double”转换到“float”，可能丢失数据
     1>TrackRepeatModule.cpp(910): warning C4244: “=”: 从“double”转换到“float”，可能丢失数据
     1>TrackRepeatModule.cpp(933): warning C4244: “=”: 从“double”转换到“float”，可能丢失数据
     1>TrackRepeatModule.cpp(1047): warning C4244: “=”: 从“double”转换到“float”，可能丢失数据
     1>TrackRepeatModule.cpp(1119): warning C4244: “=”: 从“double”转换到“float”，可能丢失数据
     1>TrackRepeatModule.cpp(1120): warning C4244: “=”: 从“double”转换到“float”，可能丢失数据
     1>TrackRepeatModule.cpp(1121): warning C4244: “=”: 从“double”转换到“float”，可能丢失数据
     1>TrackRepeatModule.cpp(1122): warning C4244: “=”: 从“double”转换到“float”，可能丢失数据
     1>TrackRepeatModule.cpp(1123): warning C4244: “=”: 从“double”转换到“float”，可能丢失数据
     1>TrackRepeatModule.cpp(1124): warning C4244: “=”: 从“double”转换到“float”，可能丢失数据
     1>TrackRepeatModule.cpp(1125): warning C4244: “=”: 从“double”转换到“float”，可能丢失数据
     1>TrackRepeatModule.cpp(1132): warning C4244: “=”: 从“double”转换到“float”，可能丢失数据
     1>TrackRepeatModule.cpp(1133): warning C4244: “=”: 从“double”转换到“float”，可能丢失数据
     1>TrackRepeatModule.cpp(1134): warning C4244: “=”: 从“double”转换到“float”，可能丢失数据
     1>TrackRepeatModule.cpp(1135): warning C4244: “=”: 从“double”转换到“float”，可能丢失数据
     1>TrackRepeatModule.cpp(1136): warning C4244: “=”: 从“double”转换到“float”，可能丢失数据
     1>TrackRepeatModule.cpp(1137): warning C4244: “=”: 从“double”转换到“float”，可能丢失数据
     1>TrackRepeatModule.cpp(1138): warning C4244: “=”: 从“double”转换到“float”，可能丢失数据
     1>TrackRepeatModule.cpp(1179): warning C4244: “=”: 从“double”转换到“float”，可能丢失数据
     1>TrackRepeatModule.cpp(1238): warning C4244: “=”: 从“double”转换到“float”，可能丢失数据
     1>TrackRepeatModule.cpp(1239): warning C4244: “=”: 从“double”转换到“float”，可能丢失数据
     1>TrackRepeatModule.cpp(1240): warning C4244: “=”: 从“double”转换到“float”，可能丢失数据
     1>TrackRepeatModule.cpp(1241): warning C4244: “=”: 从“double”转换到“float”，可能丢失数据
     1>TrackRepeatModule.cpp(1242): warning C4244: “=”: 从“double”转换到“float”，可能丢失数据
     1>TrackRepeatModule.cpp(1243): warning C4244: “=”: 从“double”转换到“float”，可能丢失数据
     1>TrackRepeatModule.cpp(1244): warning C4244: “=”: 从“double”转换到“float”，可能丢失数据
     1>TrackRepeatModule.cpp(1251): warning C4244: “=”: 从“double”转换到“float”，可能丢失数据
     1>TrackRepeatModule.cpp(1252): warning C4244: “=”: 从“double”转换到“float”，可能丢失数据
     1>TrackRepeatModule.cpp(1253): warning C4244: “=”: 从“double”转换到“float”，可能丢失数据
     1>TrackRepeatModule.cpp(1254): warning C4244: “=”: 从“double”转换到“float”，可能丢失数据
     1>TrackRepeatModule.cpp(1255): warning C4244: “=”: 从“double”转换到“float”，可能丢失数据
     1>TrackRepeatModule.cpp(1256): warning C4244: “=”: 从“double”转换到“float”，可能丢失数据
     1>TrackRepeatModule.cpp(1257): warning C4244: “=”: 从“double”转换到“float”，可能丢失数据
     1>TrackRepeatModule.cpp(1264): warning C4244: “=”: 从“double”转换到“float”，可能丢失数据
     1>TrackRepeatModule.cpp(1266): warning C4244: “=”: 从“double”转换到“float”，可能丢失数据
     1>TrackRepeatModule.cpp(1267): warning C4244: “=”: 从“double”转换到“float”，可能丢失数据
     1>TrackRepeatModule.cpp(1268): warning C4244: “=”: 从“double”转换到“float”，可能丢失数据
     1>TrackRepeatModule.cpp(1269): warning C4244: “=”: 从“double”转换到“float”，可能丢失数据
     1>TrackRepeatModule.cpp(1270): warning C4244: “=”: 从“double”转换到“float”，可能丢失数据
     1>TrackRepeatModule.cpp(1271): warning C4244: “=”: 从“double”转换到“float”，可能丢失数据
     1>TrackRepeatModule.cpp(1272): warning C4244: “=”: 从“double”转换到“float”，可能丢失数据
     1>TrackRepeatModule.cpp(1431): warning C4244: “=”: 从“double”转换到“float”，可能丢失数据
     1>TrackRepeatModule.cpp(1435): warning C4244: “=”: 从“double”转换到“float”，可能丢失数据
     1>TrackRepeatModule.cpp(1509): warning C4244: “return”: 从“double”转换到“int”，可能丢失数据
     1>TrackRepeatModule.cpp(1520): warning C4018: “<”: 有符号/无符号不匹配
     1>TrackRepeatModule.cpp(1525): warning C4244: “=”: 从“double”转换到“float”，可能丢失数据
     1>TrackRepeatModule.cpp(1557): warning C4244: “=”: 从“double”转换到“float”，可能丢失数据
     1>TrackRepeatModule.cpp(1558): warning C4244: “=”: 从“double”转换到“float”，可能丢失数据
     1>TrackRepeatModule.cpp(1559): warning C4244: “=”: 从“double”转换到“float”，可能丢失数据
     1>TrackRepeatModule.cpp(1571): warning C4244: “参数”: 从“double”转换到“FLOAT”，可能丢失数据
     1>TrackRepeatModule.cpp(1572): warning C4244: “参数”: 从“double”转换到“FLOAT”，可能丢失数据
     1>TrackRepeatModule.cpp(1579): warning C4244: “=”: 从“double”转换到“FLOAT”，可能丢失数据
     1>TrackRepeatModule.cpp(1580): warning C4244: “=”: 从“double”转换到“FLOAT”，可能丢失数据
     1>TrackRepeatModule.cpp(1581): warning C4244: “=”: 从“double”转换到“FLOAT”，可能丢失数据
     1>TrackRepeatModule.cpp(1685): warning C4244: “参数”: 从“double”转换到“FLOAT”，可能丢失数据
     1>TrackRepeatModule.cpp(1686): warning C4244: “参数”: 从“double”转换到“FLOAT”，可能丢失数据
     1>TrackRepeatModule.cpp(1687): warning C4244: “参数”: 从“double”转换到“FLOAT”，可能丢失数据
     1>TrackRepeatModule.cpp(1695): warning C4244: “参数”: 从“double”转换到“FLOAT”，可能丢失数据
     1>TrackRepeatModule.cpp(1696): warning C4244: “参数”: 从“double”转换到“FLOAT”，可能丢失数据
     1>TrackRepeatModule.cpp(1697): warning C4244: “参数”: 从“double”转换到“FLOAT”，可能丢失数据
     1>TrackRepeatModule.cpp(1706): warning C4305: “+=”: 从“double”到“FLOAT”截断
     1>TrackRepeatModule.cpp(1710): warning C4305: “+=”: 从“double”到“FLOAT”截断
     1>TrackRepeatModule.cpp(1714): warning C4305: “+=”: 从“double”到“FLOAT”截断
     1>TrackRepeatModule.cpp(1792): warning C4305: “=”: 从“double”到“float”截断
         D:\Program Files (x86)\Microsoft Visual Studio 12.0\VC\bin\CL.exe /c /Zi /nologo /W3 /WX- /sdl /O2 /Oi /Oy- /GL /D WIN32 /D _WINDOWS /D NDEBUG /D _USING_V110_SDK71_ /D _MBCS /D _AFXDLL /Gm- /EHsc /MD /GS /Gy /fp:precise /Zc:wchar_t /Zc:forScope /Fo"Release\\" /Fd"Release\vc120.pdb" /Gd /TC /analyze- /errorReport:prompt DeckLinkAPI_i.c
         DeckLinkAPI_i.c
       ResourceCompile:
         C:\Program Files (x86)\Microsoft SDKs\Windows\v7.1A\bin\rc.exe /D NDEBUG /D _USING_V110_SDK71_ /D _AFXDLL /l"0x0804" /IRelease\ /nologo /fo"Release\GPothka.MainWin.res" GPothka.MainWin.rc 
       Link:
         D:\Program Files (x86)\Microsoft Visual Studio 12.0\VC\bin\link.exe /ERRORREPORT:PROMPT /OUT:"..\Release\GPothka.MainWin_R.exe" /INCREMENTAL /NOLOGO SkinHu.lib SkinH.lib FREED.lib d3d9.lib d3dx9.lib tinyxml.lib dinput8.lib dxguid.lib LibXIPropertyd.lib LibXIStreamd.lib /MANIFEST /MANIFESTUAC:"level='asInvoker' uiAccess='false'" /manifest:embed /manifestinput:"D:\Program Files (x86)\Microsoft Visual Studio 12.0\VC\Include\Manifest\dpiaware.manifest" /DEBUG /PDB:"..\Release\GPothka.MainWin_R.pdb" /SUBSYSTEM:WINDOWS,"5.01" /OPT:REF /OPT:ICF /LTCG /TLBID:1 /DYNAMICBASE /NXCOMPAT /IMPLIB:"..\Release\GPothka.MainWin_R.lib" /MACHINE:X86 /SAFESEH Release\GPothka.MainWin.res
         Release\AppWorkPlant.obj
         Release\CameraControlDlg.obj
         Release\DeckLinkAPI_i.obj
         Release\DeckLinkDevice.obj
         Release\Global.obj
         Release\GPothka.MainWin.obj
         Release\GPothka.MainWinDlg.obj
         Release\GP_Lens_Canon.obj
         Release\GP_Lens_Fujinon.obj
         Release\importData.obj
         Release\LoggerModule.obj
         Release\MocoLog.obj
         Release\NameSetDlg.obj
         Release\RockerControlModule.obj
         Release\CFuSerialPort.obj
         Release\SpeedSetDlg.obj
         Release\stdafx.obj
         Release\TimeSetDlg.obj
         Release\TrackRepeatModule.obj
     1>LINK : warning LNK4075: 忽略“/INCREMENTAL”(由于“/LTCG”规范)
     1>LINK : fatal error LNK1181: 无法打开输入文件“tinyxml.lib”
     1>已完成生成项目“E:\03Moco-TV\01项目过程\code\1.0\TESTCODE\001\GPothka.MainWin\GPothka.MainWin.vcxproj”(Build 个目标)的操作 - 失败。

生成失败。

已用时间 00:00:05.27
