生成启动时间为 2017/4/21/周五 16:55:30。
     1>项目“E:\03Moco-TV\01项目过程\code\1.0\TESTCODE\001\GPothka.MainWin\GPothka.MainWin.vcxproj”在节点 2 上(Build 个目标)。
     1>C:\Program Files (x86)\MSBuild\Microsoft.Cpp\v4.0\V120\Microsoft.CppBuild.targets(357,5): warning MSB8004: Output Directory does not end with a trailing slash.  This build instance will add the slash as it is required to allow proper evaluation of the Output Directory.
     1>ClCompile:
         D:\Program Files (x86)\Microsoft Visual Studio 12.0\VC\bin\CL.exe /c /ZI /nologo /W3 /WX- /sdl /Od /Oy- /D WIN32 /D _WINDOWS /D _DEBUG /D _USING_V110_SDK71_ /D _MBCS /D _AFXDLL /Gm /EHsc /RTC1 /MDd /GS /fp:precise /Zc:wchar_t /Zc:forScope /Yu"stdafx.h" /Fp"Debug\GPothka.MainWin.pch" /Fo"Debug\\" /Fd"Debug\vc120.pdb" /Gd /TP /analyze- /errorReport:prompt GPothka.MainWinDlg.cpp
         GPothka.MainWinDlg.cpp
     1>e:\03moco-tv\01项目过程\code\1.0\testcode\001\gpothka.mainwin\gpothka.mainwindlg.cpp(348): warning C4101: “FocusValue”: 未引用的局部变量
     1>e:\03moco-tv\01项目过程\code\1.0\testcode\001\gpothka.mainwin\gpothka.mainwindlg.cpp(413): warning C4101: “CountBegin”: 未引用的局部变量
     1>e:\03moco-tv\01项目过程\code\1.0\testcode\001\gpothka.mainwin\gpothka.mainwindlg.cpp(404): warning C4101: “FocusValue”: 未引用的局部变量
     1>e:\03moco-tv\01项目过程\code\1.0\testcode\001\gpothka.mainwin\gpothka.mainwindlg.cpp(413): warning C4101: “CountEnd”: 未引用的局部变量
     1>e:\03moco-tv\01项目过程\code\1.0\testcode\001\gpothka.mainwin\gpothka.mainwindlg.cpp(412): warning C4101: “lageinter”: 未引用的局部变量
     1>e:\03moco-tv\01项目过程\code\1.0\testcode\001\gpothka.mainwin\gpothka.mainwindlg.cpp(414): warning C4101: “diTime”: 未引用的局部变量
     1>e:\03moco-tv\01项目过程\code\1.0\testcode\001\gpothka.mainwin\gpothka.mainwindlg.cpp(414): warning C4101: “diFreq”: 未引用的局部变量
     1>e:\03moco-tv\01项目过程\code\1.0\testcode\001\gpothka.mainwin\gpothka.mainwindlg.cpp(784): warning C4244: “参数”: 从“float”转换到“int”，可能丢失数据
     1>e:\03moco-tv\01项目过程\code\1.0\testcode\001\gpothka.mainwin\gpothka.mainwindlg.cpp(790): warning C4805: “==”: 在操作中将类型“BOOL”与类型“bool”混合不安全
     1>e:\03moco-tv\01项目过程\code\1.0\testcode\001\gpothka.mainwin\gpothka.mainwindlg.cpp(843): warning C4244: “参数”: 从“float”转换到“int”，可能丢失数据
     1>e:\03moco-tv\01项目过程\code\1.0\testcode\001\gpothka.mainwin\gpothka.mainwindlg.cpp(850): warning C4805: “==”: 在操作中将类型“BOOL”与类型“bool”混合不安全
     1>e:\03moco-tv\01项目过程\code\1.0\testcode\001\gpothka.mainwin\gpothka.mainwindlg.cpp(1034): warning C4244: “参数”: 从“double”转换到“float”，可能丢失数据
     1>e:\03moco-tv\01项目过程\code\1.0\testcode\001\gpothka.mainwin\gpothka.mainwindlg.cpp(1034): warning C4244: “参数”: 从“float”转换到“int”，可能丢失数据
     1>e:\03moco-tv\01项目过程\code\1.0\testcode\001\gpothka.mainwin\gpothka.mainwindlg.cpp(1046): warning C4805: “==”: 在操作中将类型“BOOL”与类型“bool”混合不安全
     1>e:\03moco-tv\01项目过程\code\1.0\testcode\001\gpothka.mainwin\gpothka.mainwindlg.cpp(1299): warning C4244: “=”: 从“int”转换到“float”，可能丢失数据
     1>e:\03moco-tv\01项目过程\code\1.0\testcode\001\gpothka.mainwin\gpothka.mainwindlg.cpp(1300): warning C4244: “=”: 从“double”转换到“float”，可能丢失数据
     1>e:\03moco-tv\01项目过程\code\1.0\testcode\001\gpothka.mainwin\gpothka.mainwindlg.cpp(1303): warning C4244: “=”: 从“double”转换到“float”，可能丢失数据
     1>e:\03moco-tv\01项目过程\code\1.0\testcode\001\gpothka.mainwin\gpothka.mainwindlg.cpp(1312): warning C4244: “=”: 从“LONGLONG”转换到“double”，可能丢失数据
     1>e:\03moco-tv\01项目过程\code\1.0\testcode\001\gpothka.mainwin\gpothka.mainwindlg.cpp(1317): warning C4244: “参数”: 从“float”转换到“WORD”，可能丢失数据
     1>e:\03moco-tv\01项目过程\code\1.0\testcode\001\gpothka.mainwin\gpothka.mainwindlg.cpp(1318): warning C4244: “参数”: 从“float”转换到“WORD”，可能丢失数据
     1>e:\03moco-tv\01项目过程\code\1.0\testcode\001\gpothka.mainwin\gpothka.mainwindlg.cpp(1320): warning C4244: “=”: 从“float”转换到“WORD”，可能丢失数据
     1>e:\03moco-tv\01项目过程\code\1.0\testcode\001\gpothka.mainwin\gpothka.mainwindlg.cpp(1321): warning C4244: “=”: 从“float”转换到“WORD”，可能丢失数据
     1>e:\03moco-tv\01项目过程\code\1.0\testcode\001\gpothka.mainwin\gpothka.mainwindlg.cpp(1331): warning C4244: “=”: 从“float”转换到“WORD”，可能丢失数据
     1>e:\03moco-tv\01项目过程\code\1.0\testcode\001\gpothka.mainwin\gpothka.mainwindlg.cpp(1332): warning C4244: “=”: 从“float”转换到“WORD”，可能丢失数据
     1>e:\03moco-tv\01项目过程\code\1.0\testcode\001\gpothka.mainwin\gpothka.mainwindlg.cpp(1379): warning C4244: “=”: 从“int”转换到“float”，可能丢失数据
     1>e:\03moco-tv\01项目过程\code\1.0\testcode\001\gpothka.mainwin\gpothka.mainwindlg.cpp(1380): warning C4244: “=”: 从“double”转换到“float”，可能丢失数据
     1>e:\03moco-tv\01项目过程\code\1.0\testcode\001\gpothka.mainwin\gpothka.mainwindlg.cpp(1383): warning C4244: “=”: 从“double”转换到“float”，可能丢失数据
     1>e:\03moco-tv\01项目过程\code\1.0\testcode\001\gpothka.mainwin\gpothka.mainwindlg.cpp(1392): warning C4244: “=”: 从“LONGLONG”转换到“double”，可能丢失数据
     1>e:\03moco-tv\01项目过程\code\1.0\testcode\001\gpothka.mainwin\gpothka.mainwindlg.cpp(1399): warning C4244: “=”: 从“float”转换到“WORD”，可能丢失数据
     1>e:\03moco-tv\01项目过程\code\1.0\testcode\001\gpothka.mainwin\gpothka.mainwindlg.cpp(1400): warning C4244: “=”: 从“float”转换到“WORD”，可能丢失数据
     1>e:\03moco-tv\01项目过程\code\1.0\testcode\001\gpothka.mainwin\gpothka.mainwindlg.cpp(1410): warning C4244: “=”: 从“float”转换到“WORD”，可能丢失数据
     1>e:\03moco-tv\01项目过程\code\1.0\testcode\001\gpothka.mainwin\gpothka.mainwindlg.cpp(1411): warning C4244: “=”: 从“float”转换到“WORD”，可能丢失数据
     1>e:\03moco-tv\01项目过程\code\1.0\testcode\001\gpothka.mainwin\gpothka.mainwindlg.cpp(1481): warning C4101: “zom”: 未引用的局部变量
     1>e:\03moco-tv\01项目过程\code\1.0\testcode\001\gpothka.mainwin\gpothka.mainwindlg.cpp(1588): warning C4244: “=”: 从“int”转换到“float”，可能丢失数据
     1>e:\03moco-tv\01项目过程\code\1.0\testcode\001\gpothka.mainwin\gpothka.mainwindlg.cpp(1589): warning C4244: “=”: 从“double”转换到“float”，可能丢失数据
     1>e:\03moco-tv\01项目过程\code\1.0\testcode\001\gpothka.mainwin\gpothka.mainwindlg.cpp(1593): warning C4244: “=”: 从“double”转换到“float”，可能丢失数据
     1>e:\03moco-tv\01项目过程\code\1.0\testcode\001\gpothka.mainwin\gpothka.mainwindlg.cpp(1602): warning C4244: “=”: 从“LONGLONG”转换到“double”，可能丢失数据
     1>e:\03moco-tv\01项目过程\code\1.0\testcode\001\gpothka.mainwin\gpothka.mainwindlg.cpp(1608): warning C4244: “=”: 从“float”转换到“WORD”，可能丢失数据
     1>e:\03moco-tv\01项目过程\code\1.0\testcode\001\gpothka.mainwin\gpothka.mainwindlg.cpp(1609): warning C4244: “=”: 从“float”转换到“WORD”，可能丢失数据
     1>e:\03moco-tv\01项目过程\code\1.0\testcode\001\gpothka.mainwin\gpothka.mainwindlg.cpp(1611): warning C4244: “参数”: 从“float”转换到“WORD”，可能丢失数据
     1>e:\03moco-tv\01项目过程\code\1.0\testcode\001\gpothka.mainwin\gpothka.mainwindlg.cpp(1612): warning C4244: “参数”: 从“float”转换到“WORD”，可能丢失数据
     1>e:\03moco-tv\01项目过程\code\1.0\testcode\001\gpothka.mainwin\gpothka.mainwindlg.cpp(1676): warning C4244: “=”: 从“int”转换到“float”，可能丢失数据
     1>e:\03moco-tv\01项目过程\code\1.0\testcode\001\gpothka.mainwin\gpothka.mainwindlg.cpp(1677): warning C4244: “=”: 从“double”转换到“float”，可能丢失数据
     1>e:\03moco-tv\01项目过程\code\1.0\testcode\001\gpothka.mainwin\gpothka.mainwindlg.cpp(1680): warning C4244: “=”: 从“double”转换到“float”，可能丢失数据
     1>e:\03moco-tv\01项目过程\code\1.0\testcode\001\gpothka.mainwin\gpothka.mainwindlg.cpp(1689): warning C4244: “=”: 从“LONGLONG”转换到“double”，可能丢失数据
     1>e:\03moco-tv\01项目过程\code\1.0\testcode\001\gpothka.mainwin\gpothka.mainwindlg.cpp(1695): warning C4244: “=”: 从“float”转换到“WORD”，可能丢失数据
     1>e:\03moco-tv\01项目过程\code\1.0\testcode\001\gpothka.mainwin\gpothka.mainwindlg.cpp(1696): warning C4244: “=”: 从“float”转换到“WORD”，可能丢失数据
     1>e:\03moco-tv\01项目过程\code\1.0\testcode\001\gpothka.mainwin\gpothka.mainwindlg.cpp(2285): warning C4101: “zom”: 未引用的局部变量
     1>e:\03moco-tv\01项目过程\code\1.0\testcode\001\gpothka.mainwin\gpothka.mainwindlg.cpp(2297): warning C4101: “length2”: 未引用的局部变量
     1>e:\03moco-tv\01项目过程\code\1.0\testcode\001\gpothka.mainwin\gpothka.mainwindlg.cpp(2285): warning C4101: “foc”: 未引用的局部变量
     1>e:\03moco-tv\01项目过程\code\1.0\testcode\001\gpothka.mainwin\gpothka.mainwindlg.cpp(2522): warning C4800: “int”: 将值强制为布尔值“true”或“false”(性能警告)
     1>e:\03moco-tv\01项目过程\code\1.0\testcode\001\gpothka.mainwin\gpothka.mainwindlg.cpp(2738): warning C4715: “CGPothkaMainWinDlg::OnAddDevice”: 不是所有的控件路径都返回值
       Link:
         D:\Program Files (x86)\Microsoft Visual Studio 12.0\VC\bin\link.exe /ERRORREPORT:PROMPT /OUT:"..\Debug\GPothka.MainWin.exe" /INCREMENTAL /NOLOGO /LIBPATH:D:\TESTCODE\Debug SkinHu.lib SkinH.lib FREED.lib d3d9.lib d3dx9.lib dinput8.lib dxguid.lib /MANIFEST /MANIFESTUAC:"level='asInvoker' uiAccess='false'" /manifest:embed /manifestinput:"D:\Program Files (x86)\Microsoft Visual Studio 12.0\VC\Include\Manifest\dpiaware.manifest" /DEBUG /PDB:"..\Debug\GPothka.MainWin.pdb" /SUBSYSTEM:WINDOWS,"5.01" /TLBID:1 /DYNAMICBASE /NXCOMPAT /IMPLIB:"..\Debug\GPothka.MainWin.lib" /MACHINE:X86 Debug\GPothka.MainWin.res
         Debug\AppWorkPlant.obj
         Debug\CameraControlDlg.obj
         Debug\DeckLinkAPI_i.obj
         Debug\DeckLinkDevice.obj
         Debug\Global.obj
         Debug\GPothka.MainWin.obj
         Debug\GPothka.MainWinDlg.obj
         Debug\GP_Lens_Canon.obj
         Debug\GP_Lens_Fujinon.obj
         Debug\importData.obj
         Debug\LoggerModule.obj
         Debug\MocoLog.obj
         Debug\NameSetDlg.obj
         Debug\RockerControlModule.obj
         Debug\CFuSerialPort.obj
         Debug\SpeedSetDlg.obj
         Debug\stdafx.obj
         Debug\TimeSetDlg.obj
         Debug\TrackRepeatModule.obj
         GPothka.MainWin.vcxproj -> E:\03Moco-TV\01项目过程\code\1.0\TESTCODE\001\GPothka.MainWin\..\Debug\GPothka.MainWin.exe
     1>已完成生成项目“E:\03Moco-TV\01项目过程\code\1.0\TESTCODE\001\GPothka.MainWin\GPothka.MainWin.vcxproj”(Build 个目标)的操作。

生成成功。

已用时间 00:00:01.29
